# JRE version: OpenJDK Runtime Environment (11.0.11+9) (build 11.0.11+9-b60-7590822)
# Java VM: OpenJDK 64-Bit Server VM (11.0.11+9-b60-7590822, mixed mode, tiered, compressed oops, g1 gc, windows-amd64)
Heap:
 garbage-first heap   total 114688K, used 81842K [0x0000000080000000, 0x0000000100000000)
  region size 1024K, 9 young (9216K), 2 survivors (2048K)
 Metaspace       used 66227K, capacity 67972K, committed 68040K, reserved 1107968K
  class space    used 8430K, capacity 9071K, committed 9088K, reserved 1048576K
GC Heap History (20 events):
Event: 13.134 GC heap before
{Heap before GC invocations=13 (full 0):
 garbage-first heap   total 114688K, used 88882K [0x0000000080000000, 0x0000000100000000)
  region size 1024K, 38 young (38912K), 4 survivors (4096K)
 Metaspace       used 49776K, capacity 51270K, committed 51528K, reserved 1093632K
  class space    used 6414K, capacity 6896K, committed 6912K, reserved 1048576K
}
Event: 13.140 GC heap after
{Heap after GC invocations=14 (full 0):
 garbage-first heap   total 114688K, used 55601K [0x0000000080000000, 0x0000000100000000)
  region size 1024K, 2 young (2048K), 2 survivors (2048K)
 Metaspace       used 49776K, capacity 51270K, committed 51528K, reserved 1093632K
  class space    used 6414K, capacity 6896K, committed 6912K, reserved 1048576K
}
Event: 14.183 GC heap before
{Heap before GC invocations=14 (full 0):
 garbage-first heap   total 114688K, used 82225K [0x0000000080000000, 0x0000000100000000)
  region size 1024K, 29 young (29696K), 2 survivors (2048K)
 Metaspace       used 50770K, capacity 52285K, committed 52424K, reserved 1095680K
  class space    used 6502K, capacity 7012K, committed 7040K, reserved 1048576K
}
Event: 14.191 GC heap after
{Heap after GC invocations=15 (full 0):
 garbage-first heap   total 114688K, used 56729K [0x0000000080000000, 0x0000000100000000)
  region size 1024K, 3 young (3072K), 3 survivors (3072K)
 Metaspace       used 50770K, capacity 52285K, committed 52424K, reserved 1095680K
  class space    used 6502K, capacity 7012K, committed 7040K, reserved 1048576K
}
Event: 14.428 GC heap before
{Heap before GC invocations=16 (full 0):
 garbage-first heap   total 114688K, used 63897K [0x0000000080000000, 0x0000000100000000)
  region size 1024K, 9 young (9216K), 3 survivors (3072K)
 Metaspace       used 50764K, capacity 52273K, committed 52424K, reserved 1095680K
  class space    used 6500K, capacity 7008K, committed 7040K, reserved 1048576K
}
Event: 14.438 GC heap after
{Heap after GC invocations=17 (full 0):
 garbage-first heap   total 114688K, used 63703K [0x0000000080000000, 0x0000000100000000)
  region size 1024K, 5 young (5120K), 5 survivors (5120K)
 Metaspace       used 50764K, capacity 52273K, committed 52424K, reserved 1095680K
  class space    used 6500K, capacity 7008K, committed 7040K, reserved 1048576K
}
Event: 14.970 GC heap before
{Heap before GC invocations=18 (full 0):
 garbage-first heap   total 114688K, used 86231K [0x0000000080000000, 0x0000000100000000)
  region size 1024K, 26 young (26624K), 5 survivors (5120K)
 Metaspace       used 52887K, capacity 54423K, committed 54600K, reserved 1097728K
  class space    used 6774K, capacity 7321K, committed 7424K, reserved 1048576K
}
Event: 14.975 GC heap after
{Heap after GC invocations=19 (full 0):
 garbage-first heap   total 114688K, used 67868K [0x0000000080000000, 0x0000000100000000)
  region size 1024K, 2 young (2048K), 2 survivors (2048K)
 Metaspace       used 52887K, capacity 54423K, committed 54600K, reserved 1097728K
  class space    used 6774K, capacity 7321K, committed 7424K, reserved 1048576K
}
Event: 15.615 GC heap before
{Heap before GC invocations=19 (full 0):
 garbage-first heap   total 114688K, used 88348K [0x0000000080000000, 0x0000000100000000)
  region size 1024K, 22 young (22528K), 2 survivors (2048K)
 Metaspace       used 55771K, capacity 57465K, committed 57800K, reserved 1099776K
  class space    used 7144K, capacity 7716K, committed 7808K, reserved 1048576K
}
Event: 15.621 GC heap after
{Heap after GC invocations=20 (full 0):
 garbage-first heap   total 114688K, used 68662K [0x0000000080000000, 0x0000000100000000)
  region size 1024K, 1 young (1024K), 1 survivors (1024K)
 Metaspace       used 55771K, capacity 57465K, committed 57800K, reserved 1099776K
  class space    used 7144K, capacity 7716K, committed 7808K, reserved 1048576K
}
Event: 16.224 GC heap before
{Heap before GC invocations=21 (full 0):
 garbage-first heap   total 114688K, used 89142K [0x0000000080000000, 0x0000000100000000)
  region size 1024K, 21 young (21504K), 1 survivors (1024K)
 Metaspace       used 58745K, capacity 60424K, committed 60616K, reserved 1101824K
  class space    used 7489K, capacity 8057K, committed 8064K, reserved 1048576K
}
Event: 16.227 GC heap after
{Heap after GC invocations=22 (full 0):
 garbage-first heap   total 114688K, used 69225K [0x0000000080000000, 0x0000000100000000)
  region size 1024K, 2 young (2048K), 2 survivors (2048K)
 Metaspace       used 58745K, capacity 60424K, committed 60616K, reserved 1101824K
  class space    used 7489K, capacity 8057K, committed 8064K, reserved 1048576K
}
Event: 16.723 GC heap before
{Heap before GC invocations=22 (full 0):
 garbage-first heap   total 114688K, used 88681K [0x0000000080000000, 0x0000000100000000)
  region size 1024K, 22 young (22528K), 2 survivors (2048K)
 Metaspace       used 62128K, capacity 63898K, committed 63944K, reserved 1105920K
  class space    used 7915K, capacity 8535K, committed 8576K, reserved 1048576K
}
Event: 16.729 GC heap after
{Heap after GC invocations=23 (full 0):
 garbage-first heap   total 114688K, used 70976K [0x0000000080000000, 0x0000000100000000)
  region size 1024K, 3 young (3072K), 3 survivors (3072K)
 Metaspace       used 62128K, capacity 63898K, committed 63944K, reserved 1105920K
  class space    used 7915K, capacity 8535K, committed 8576K, reserved 1048576K
}
Event: 17.150 GC heap before
{Heap before GC invocations=24 (full 0):
 garbage-first heap   total 114688K, used 90432K [0x0000000080000000, 0x0000000100000000)
  region size 1024K, 23 young (23552K), 3 survivors (3072K)
 Metaspace       used 63580K, capacity 65301K, committed 65352K, reserved 1105920K
  class space    used 8094K, capacity 8700K, committed 8704K, reserved 1048576K
}
Event: 17.155 GC heap after
{Heap after GC invocations=25 (full 0):
 garbage-first heap   total 114688K, used 72952K [0x0000000080000000, 0x0000000100000000)
  region size 1024K, 3 young (3072K), 3 survivors (3072K)
 Metaspace       used 63580K, capacity 65301K, committed 65352K, reserved 1105920K
  class space    used 8094K, capacity 8700K, committed 8704K, reserved 1048576K
}
Event: 17.711 GC heap before
{Heap before GC invocations=25 (full 0):
 garbage-first heap   total 114688K, used 92408K [0x0000000080000000, 0x0000000100000000)
  region size 1024K, 22 young (22528K), 3 survivors (3072K)
 Metaspace       used 65320K, capacity 67076K, committed 67144K, reserved 1107968K
  class space    used 8297K, capacity 8905K, committed 8960K, reserved 1048576K
}
Event: 17.716 GC heap after
{Heap after GC invocations=26 (full 0):
 garbage-first heap   total 114688K, used 74193K [0x0000000080000000, 0x0000000100000000)
  region size 1024K, 2 young (2048K), 2 survivors (2048K)
 Metaspace       used 65320K, capacity 67076K, committed 67144K, reserved 1107968K
  class space    used 8297K, capacity 8905K, committed 8960K, reserved 1048576K
}
Event: 18.021 GC heap before
{Heap before GC invocations=27 (full 0):
 garbage-first heap   total 114688K, used 78289K [0x0000000080000000, 0x0000000100000000)
  region size 1024K, 7 young (7168K), 2 survivors (2048K)
 Metaspace       used 65702K, capacity 67498K, committed 67784K, reserved 1107968K
  class space    used 8366K, capacity 9003K, committed 9088K, reserved 1048576K
}
Event: 18.026 GC heap after
{Heap after GC invocations=28 (full 0):
 garbage-first heap   total 114688K, used 74674K [0x0000000080000000, 0x0000000100000000)
  region size 1024K, 2 young (2048K), 2 survivors (2048K)
 Metaspace       used 65702K, capacity 67498K, committed 67784K, reserved 1107968K
  class space    used 8366K, capacity 9003K, committed 9088K, reserved 1048576K
}

