# JRE version: OpenJDK Runtime Environment (11.0.11+9) (build 11.0.11+9-b60-7590822)
# Java VM: OpenJDK 64-Bit Server VM (11.0.11+9-b60-7590822, mixed mode, tiered, compressed oops, g1 gc, windows-amd64)
Heap:
 garbage-first heap   total 680960K, used 191774K [0x0000000080000000, 0x0000000100000000)
  region size 1024K, 5 young (5120K), 5 survivors (5120K)
 Metaspace       used 116331K, capacity 118883K, committed 119168K, reserved 1153024K
  class space    used 14355K, capacity 15323K, committed 15360K, reserved 1048576K
GC Heap History (20 events):
Event: 46.360 GC heap after
{Heap after GC invocations=70 (full 0):
 garbage-first heap   total 287744K, used 161827K [0x0000000080000000, 0x0000000100000000)
  region size 1024K, 5 young (5120K), 5 survivors (5120K)
 Metaspace       used 114604K, capacity 117095K, committed 117248K, reserved 1150976K
  class space    used 14157K, capacity 15099K, committed 15232K, reserved 1048576K
}
Event: 46.465 GC heap before
{Heap before GC invocations=70 (full 0):
 garbage-first heap   total 287744K, used 247843K [0x0000000080000000, 0x0000000100000000)
  region size 1024K, 89 young (91136K), 5 survivors (5120K)
 Metaspace       used 114610K, capacity 117095K, committed 117248K, reserved 1150976K
  class space    used 14157K, capacity 15099K, committed 15232K, reserved 1048576K
}
Event: 46.468 GC heap after
{Heap after GC invocations=71 (full 0):
 garbage-first heap   total 287744K, used 163713K [0x0000000080000000, 0x0000000100000000)
  region size 1024K, 7 young (7168K), 7 survivors (7168K)
 Metaspace       used 114610K, capacity 117095K, committed 117248K, reserved 1150976K
  class space    used 14157K, capacity 15099K, committed 15232K, reserved 1048576K
}
Event: 46.600 GC heap before
{Heap before GC invocations=71 (full 0):
 garbage-first heap   total 287744K, used 248705K [0x0000000080000000, 0x0000000100000000)
  region size 1024K, 90 young (92160K), 7 survivors (7168K)
 Metaspace       used 114612K, capacity 117095K, committed 117248K, reserved 1150976K
  class space    used 14157K, capacity 15099K, committed 15232K, reserved 1048576K
}
Event: 46.606 GC heap after
{Heap after GC invocations=72 (full 0):
 garbage-first heap   total 287744K, used 165655K [0x0000000080000000, 0x0000000100000000)
  region size 1024K, 9 young (9216K), 9 survivors (9216K)
 Metaspace       used 114612K, capacity 117095K, committed 117248K, reserved 1150976K
  class space    used 14157K, capacity 15099K, committed 15232K, reserved 1048576K
}
Event: 46.916 GC heap before
{Heap before GC invocations=72 (full 0):
 garbage-first heap   total 287744K, used 247575K [0x0000000080000000, 0x0000000100000000)
  region size 1024K, 89 young (91136K), 9 survivors (9216K)
 Metaspace       used 114613K, capacity 117095K, committed 117248K, reserved 1150976K
  class space    used 14157K, capacity 15099K, committed 15232K, reserved 1048576K
}
Event: 46.935 GC heap after
{Heap after GC invocations=73 (full 0):
 garbage-first heap   total 346112K, used 164980K [0x0000000080000000, 0x0000000100000000)
  region size 1024K, 5 young (5120K), 5 survivors (5120K)
 Metaspace       used 114613K, capacity 117095K, committed 117248K, reserved 1150976K
  class space    used 14157K, capacity 15099K, committed 15232K, reserved 1048576K
}
Event: 47.512 GC heap before
{Heap before GC invocations=73 (full 0):
 garbage-first heap   total 346112K, used 276596K [0x0000000080000000, 0x0000000100000000)
  region size 1024K, 115 young (117760K), 5 survivors (5120K)
 Metaspace       used 114613K, capacity 117095K, committed 117248K, reserved 1150976K
  class space    used 14157K, capacity 15099K, committed 15232K, reserved 1048576K
}
Event: 47.542 GC heap after
{Heap after GC invocations=74 (full 0):
 garbage-first heap   total 346112K, used 166050K [0x0000000080000000, 0x0000000100000000)
  region size 1024K, 6 young (6144K), 6 survivors (6144K)
 Metaspace       used 114613K, capacity 117095K, committed 117248K, reserved 1150976K
  class space    used 14157K, capacity 15099K, committed 15232K, reserved 1048576K
}
Event: 48.237 GC heap before
{Heap before GC invocations=74 (full 0):
 garbage-first heap   total 346112K, used 284834K [0x0000000080000000, 0x0000000100000000)
  region size 1024K, 122 young (124928K), 6 survivors (6144K)
 Metaspace       used 114613K, capacity 117095K, committed 117248K, reserved 1150976K
  class space    used 14157K, capacity 15099K, committed 15232K, reserved 1048576K
}
Event: 48.242 GC heap after
{Heap after GC invocations=75 (full 0):
 garbage-first heap   total 346112K, used 168871K [0x0000000080000000, 0x0000000100000000)
  region size 1024K, 9 young (9216K), 9 survivors (9216K)
 Metaspace       used 114613K, capacity 117095K, committed 117248K, reserved 1150976K
  class space    used 14157K, capacity 15099K, committed 15232K, reserved 1048576K
}
Event: 48.723 GC heap before
{Heap before GC invocations=75 (full 0):
 garbage-first heap   total 346112K, used 289703K [0x0000000080000000, 0x0000000100000000)
  region size 1024K, 127 young (130048K), 9 survivors (9216K)
 Metaspace       used 114614K, capacity 117095K, committed 117248K, reserved 1150976K
  class space    used 14157K, capacity 15099K, committed 15232K, reserved 1048576K
}
Event: 48.727 GC heap after
{Heap after GC invocations=76 (full 0):
 garbage-first heap   total 346112K, used 172643K [0x0000000080000000, 0x0000000100000000)
  region size 1024K, 12 young (12288K), 12 survivors (12288K)
 Metaspace       used 114614K, capacity 117095K, committed 117248K, reserved 1150976K
  class space    used 14157K, capacity 15099K, committed 15232K, reserved 1048576K
}
Event: 49.790 GC heap before
{Heap before GC invocations=76 (full 0):
 garbage-first heap   total 346112K, used 293475K [0x0000000080000000, 0x0000000100000000)
  region size 1024K, 131 young (134144K), 12 survivors (12288K)
 Metaspace       used 114642K, capacity 117108K, committed 117248K, reserved 1150976K
  class space    used 14159K, capacity 15102K, committed 15232K, reserved 1048576K
}
Event: 49.805 GC heap after
{Heap after GC invocations=77 (full 0):
 garbage-first heap   total 346112K, used 173168K [0x0000000080000000, 0x0000000100000000)
  region size 1024K, 10 young (10240K), 10 survivors (10240K)
 Metaspace       used 114642K, capacity 117108K, committed 117248K, reserved 1150976K
  class space    used 14159K, capacity 15102K, committed 15232K, reserved 1048576K
}
Event: 51.163 GC heap before
{Heap before GC invocations=77 (full 0):
 garbage-first heap   total 346112K, used 294000K [0x0000000080000000, 0x0000000100000000)
  region size 1024K, 129 young (132096K), 10 survivors (10240K)
 Metaspace       used 115638K, capacity 118148K, committed 118400K, reserved 1153024K
  class space    used 14280K, capacity 15233K, committed 15360K, reserved 1048576K
}
Event: 51.176 GC heap after
{Heap after GC invocations=78 (full 0):
 garbage-first heap   total 346112K, used 179259K [0x0000000080000000, 0x0000000100000000)
  region size 1024K, 15 young (15360K), 15 survivors (15360K)
 Metaspace       used 115638K, capacity 118148K, committed 118400K, reserved 1153024K
  class space    used 14280K, capacity 15233K, committed 15360K, reserved 1048576K
}
Event: 52.531 GC heap before
{Heap before GC invocations=78 (full 0):
 garbage-first heap   total 346112K, used 293947K [0x0000000080000000, 0x0000000100000000)
  region size 1024K, 128 young (131072K), 15 survivors (15360K)
 Metaspace       used 115774K, capacity 118362K, committed 118656K, reserved 1153024K
  class space    used 14288K, capacity 15236K, committed 15360K, reserved 1048576K
}
Event: 52.580 GC heap after
{Heap after GC invocations=79 (full 0):
 garbage-first heap   total 346112K, used 189577K [0x0000000080000000, 0x0000000100000000)
  region size 1024K, 16 young (16384K), 16 survivors (16384K)
 Metaspace       used 115774K, capacity 118362K, committed 118656K, reserved 1153024K
  class space    used 14288K, capacity 15236K, committed 15360K, reserved 1048576K
}
Event: 53.120 GC heap before
{Heap before GC invocations=79 (full 0):
 garbage-first heap   total 346112K, used 289929K [0x0000000080000000, 0x0000000100000000)
  region size 1024K, 115 young (117760K), 16 survivors (16384K)
 Metaspace       used 116331K, capacity 118883K, committed 119168K, reserved 1153024K
  class space    used 14355K, capacity 15323K, committed 15360K, reserved 1048576K
}

